GET /services/aux/api/v1/connectors/bad2b788-2fd1-4940-8489-d2cf66a32ff4 200 959 - 1183.523 ms
GET /services/aux/api/v1/connectors/bad2b788-2fd1-4940-8489-d2cf66a32ff4 200 959 - 1255.308 ms
GET /services/aux/api/v1/connectors/bad2b788-2fd1-4940-8489-d2cf66a32ff4 200 959 - 1126.670 ms
GET /services/aux/api/v1/connectors/bad2b788-2fd1-4940-8489-d2cf66a32ff4 200 959 - 1112.993 ms
GET /services/aux/api/v1/connectors/bad2b788-2fd1-4940-8489-d2cf66a32ff4 200 959 - 1089.008 ms
GET /services/aux/api/v1/connectors/bad2b788-2fd1-4940-8489-d2cf66a32ff4 200 959 - 1115.434 ms
GET /services/aux/api/v1/connectors/bad2b788-2fd1-4940-8489-d2cf66a32ff4 429 71 - 0.617 ms
GET /services/aux/api/v1/connectors/bad2b788-2fd1-4940-8489-d2cf66a32ff4 429 71 - 0.633 ms
GET /services/aux/api/v1/connectors/bad2b788-2fd1-4940-8489-d2cf66a32ff4 429 71 - 0.476 ms
GET /services/aux/api/v1/connectors/bad2b788-2fd1-4940-8489-d2cf66a32ff4 429 71 - 0.573 ms
GET /services/aux/api/v1/connectors/bad2b788-2fd1-4940-8489-d2cf66a32ff4 429 71 - 0.541 ms
GET /services/aux/api/v1/connectors/bad2b788-2fd1-4940-8489-d2cf66a32ff4 429 71 - 0.439 ms
GET /services/aux/api/v1/connectors/bad2b788-2fd1-4940-8489-d2cf66a32ff4 200 959 - 1285.288 ms
GET /services/aux/api/v1/connectors/bad2b788-2fd1-4940-8489-d2cf66a32ff4 200 959 - 1299.270 ms
GET /services/aux/api/v1/connectors/bad2b788-2fd1-4940-8489-d2cf66a32ff4 200 959 - 1145.661 ms
GET /services/aux/api/v1/connectors/bad2b788-2fd1-4940-8489-d2cf66a32ff4 200 959 - 1120.004 ms
GET /services/aux/api/v1/connectors/bad2b788-2fd1-4940-8489-d2cf66a32ff4 200 959 - 1106.571 ms
GET /services/aux/api/v1/connectors/bad2b788-2fd1-4940-8489-d2cf66a32ff4 200 959 - 1093.011 ms
GET /services/aux/api/v1/connectors/bad2b788-2fd1-4940-8489-d2cf66a32ff4 200 959 - 1234.659 ms
GET /services/aux/api/v1/connectors/bad2b788-2fd1-4940-8489-d2cf66a32ff4 200 959 - 1108.563 ms
GET /services/aux/api/v1/connectors/bad2b788-2fd1-4940-8489-d2cf66a32ff4 200 959 - 1137.580 ms
GET /services/aux/api/v1/connectors/bad2b788-2fd1-4940-8489-d2cf66a32ff4 200 959 - 1091.053 ms
GET /services/aux/api/v1/connectors/bad2b788-2fd1-4940-8489-d2cf66a32ff4 200 959 - 1092.810 ms
GET /services/aux/api/v1/connectors/bad2b788-2fd1-4940-8489-d2cf66a32ff4 200 959 - 1250.717 ms
GET /services/aux/api/v1/connectors/bad2b788-2fd1-4940-8489-d2cf66a32ff4 200 959 - 1250.717 ms
GET /services/aux/api/v1/connectors/bad2b788-2fd1-4940-8489-d2cf66a32ff4 200 959 - 835.317 ms
GET /services/aux/api/v1/connectors/bad2b788-2fd1-4940-8489-d2cf66a32ff4 200 959 - 835.317 ms
GET /services/auxa/api/v1/connectors/bad2b788-2fd1-4940-8489-d2cf66a32ff4 404 38 - 0.180 ms
GET /services/auxa/api/v1/connectors/bad2b788-2fd1-4940-8489-d2cf66a32ff4 404 38 - 0.180 ms
GET /services/auxa/api/v1/connectors/bad2b788-2fd1-4940-8489-d2cf66a32ff4 404 38 - 1.797 ms
GET /services/aux/api/v1/connectors/bad2b788-2fd1-4940-8489-d2cf66a32ff4 404 38 - 0.699 ms
GET /services/aux/api/v1/connectors/bad2b788-2fd1-4940-8489-d2cf66a32ff4 404 38 - 0.407 ms
GET /services/aux/api/v1/connectors/bad2b788-2fd1-4940-8489-d2cf66a32ff4 404 38 - 1.831 ms
GET /services/ausx/api/v1/connectors/bad2b788-2fd1-4940-8489-d2cf66a32ff4 404 38 - 0.857 ms
GET /services/aux/api/v1/connectors/bad2b788-2fd1-4940-8489-d2cf66a32ff4 404 38 - 0.608 ms
GET /services/aux/api/v1/connectors/bad2b788-2fd1-4940-8489-d2cf66a32ff4 200 959 - 1267.787 ms
GET /services/aux/api/v1/connectors/bad2b788-2fd1-4940-8489-d2cf66a32ff4 200 959 - 860.190 ms
GET /services/aux/api/v1/connectors/bad2b788-2fd1-4940-8489-d2cf66a32ff4 200 959 - 839.761 ms
GET /services/aux/api/v1/connectors/bad2b788-2fd1-4940-8489-d2cf66a32ff4 200 959 - 1097.860 ms
GET /services/aux/api/v1/connectors/bad2b788-2fd1-4940-8489-d2cf66a32ff4 200 959 - 1087.297 ms
GET /services/aux/api/v1/connectors/bad2b788-2fd1-4940-8489-d2cf66a32ff4 200 959 - 821.673 ms
GET /services/aux/api/v1/connectors/bad2b788-2fd1-4940-8489-d2cf66a32ff4 200 959 - 859.236 ms
GET /services/aux/api/v1/connectors/bad2b788-2fd1-4940-8489-d2cf66a32ff4 200 959 - 821.754 ms
GET /services/aux/api/v1/connectors/bad2b788-2fd1-4940-8489-d2cf66a32ff4 200 959 - 847.415 ms
GET /services/aux/api/v1/connectors/bad2b788-2fd1-4940-8489-d2cf66a32ff4 200 959 - 849.928 ms
GET /services/aux/api/v1/connectors/bad2b788-2fd1-4940-8489-d2cf66a32ff4 429 79 - 0.781 ms
GET /services/aux/api/v1/connectors/bad2b788-2fd1-4940-8489-d2cf66a32ff4 200 959 - 1169.450 ms
GET /services/aux/api/v1/connectors/bad2b788-2fd1-4940-8489-d2cf66a32ff4 200 959 - 880.800 ms
GET /services/aux/api/v1/connectors/bad2b788-2fd1-4940-8489-d2cf66a32ff4 200 959 - 823.697 ms
GET /services/aux/api/v1/connectors/bad2b788-2fd1-4940-8489-d2cf66a32ff4 200 959 - 1120.506 ms
GET /services/aux/api/v1/connectors/bad2b788-2fd1-4940-8489-d2cf66a32ff4 200 959 - 1200.379 ms
GET /services/aux/api/v1/connectors/bad2b788-2fd1-4940-8489-d2cf66a32ff4 200 959 - 1117.684 ms
GET /services/aux/api/v1/connectors/bad2b788-2fd1-4940-8489-d2cf66a32ff4 429 113 - 0.805 ms
GET /services/aux/api/v1/connectors/bad2b788-2fd1-4940-8489-d2cf66a32ff4 429 113 - 0.961 ms
GET /services/aux/api/v1/connectors/bad2b788-2fd1-4940-8489-d2cf66a32ff4 200 959 - 1193.220 ms
GET /services/aux/api/v1/connectors/bad2b788-2fd1-4940-8489-d2cf66a32ff4 200 959 - 866.226 ms
GET /services/aux/api/v1/connectors/bad2b788-2fd1-4940-8489-d2cf66a32ff4 429 113 - 0.598 ms
GET /services/aux/api/v1/connectors/bad2b788-2fd1-4940-8489-d2cf66a32ff4 200 - - 11119.851 ms
GET /services/aux/api/v1/connectors/bad2b788-2fd1-4940-8489-d2cf66a32ff4 200 - - 11076.017 ms
GET /services/aux/api/v1/connectors/bad2b788-2fd1-4940-8489-d2cf66a32ff4 200 959 - 8342.677 ms
GET /services/aux/api/v1/connectors/bad2b788-2fd1-4940-8489-d2cf66a32ff4 200 959 - 1207.955 ms
GET /services/aux/api/v1/connectors/bad2b788-2fd1-4940-8489-d2cf66a32ff4 401 42 - 1.940 ms
GET /services/aux/api/v1/connectors/bad2b788-2fd1-4940-8489-d2cf66a32ff4 - - - - ms
GET /services/aux/api/v1/connectors/bad2b788-2fd1-4940-8489-d2cf66a32ff4 401 42 - 1.911 ms
GET /services/aux/api/v1/connectors/bad2b788-2fd1-4940-8489-d2cf66a32ff4 401 42 - 0.641 ms
GET /services/aux/api/v1/connectors/bad2b788-2fd1-4940-8489-d2cf66a32ff4 429 113 - 0.685 ms
GET /services/aux/api/v1/connectors/bad2b788-2fd1-4940-8489-d2cf66a32ff4 401 42 - 1.848 ms
GET /services/aux/api/v1/connectors/bad2b788-2fd1-4940-8489-d2cf66a32ff4 401 42 - 2.126 ms
GET /services/aux/api/v1/connectors/bad2b788-2fd1-4940-8489-d2cf66a32ff4 401 48 - 2.412 ms
GET /services/aux/api/v1/connectors/bad2b788-2fd1-4940-8489-d2cf66a32ff4 401 48 - 2.788 ms
GET /services/aux/api/v1/connectors/bad2b788-2fd1-4940-8489-d2cf66a32ff4 401 48 - 2.068 ms
GET /services/aux/api/v1/connectors/bad2b788-2fd1-4940-8489-d2cf66a32ff4 401 47 - 3.264 ms
GET /services/aux/api/v1/connectors/bad2b788-2fd1-4940-8489-d2cf66a32ff4 401 47 - 0.443 ms
GET /services/aux/api/v1/connectors/bad2b788-2fd1-4940-8489-d2cf66a32ff4 429 113 - 2.535 ms
GET /services/aux/api/v1/connectors/bad2b788-2fd1-4940-8489-d2cf66a32ff4 429 113 - 0.292 ms
GET /services/aux/api/v1/connectors/bad2b788-2fd1-4940-8489-d2cf66a32ff4 429 113 - 0.562 ms
GET /services/aux/api/v1/connectors/bad2b788-2fd1-4940-8489-d2cf66a32ff4 429 113 - 0.324 ms
GET /services/aux/api/v1/connectors/bad2b788-2fd1-4940-8489-d2cf66a32ff4 429 113 - 0.389 ms
GET /services/aux/api/v1/connectors/bad2b788-2fd1-4940-8489-d2cf66a32ff4 429 113 - 0.390 ms
GET /services/aux/api/v1/connectors/bad2b788-2fd1-4940-8489-d2cf66a32ff4 429 113 - 0.360 ms
GET /services/aux/api/v1/connectors/bad2b788-2fd1-4940-8489-d2cf66a32ff4 429 113 - 0.285 ms
GET /services/aux/api/v1/connectors/bad2b788-2fd1-4940-8489-d2cf66a32ff4 429 113 - 0.329 ms
GET /services/aux/api/v1/connectors/bad2b788-2fd1-4940-8489-d2cf66a32ff4 429 113 - 0.291 ms
GET /services/aux/api/v1/connectors/bad2b788-2fd1-4940-8489-d2cf66a32ff4 401 47 - 2.140 ms
GET /services/aux/api/v1/connectors/bad2b788-2fd1-4940-8489-d2cf66a32ff4 401 47 - 0.311 ms
GET /services/aux/api/v1/connectors/bad2b788-2fd1-4940-8489-d2cf66a32ff4 401 47 - 2.621 ms
GET /services/aux/api/v1/connectors/bad2b788-2fd1-4940-8489-d2cf66a32ff4 401 47 - 2.305 ms
GET /services/aux/api/v1/connectors/bad2b788-2fd1-4940-8489-d2cf66a32ff4 401 47 - 0.853 ms
GET /services/aux/api/v1/connectors/bad2b788-2fd1-4940-8489-d2cf66a32ff4 401 47 - 2.507 ms
GET /services/aux/api/v1/connectors/bad2b788-2fd1-4940-8489-d2cf66a32ff4 401 47 - 2.507 ms
GET /services/aux/api/v1/connectors/bad2b788-2fd1-4940-8489-d2cf66a32ff4 401 47 - 1.691 ms
GET /services/aux/api/v1/connectors/bad2b788-2fd1-4940-8489-d2cf66a32ff4 401 47 - 0.324 ms
GET /services/aux/api/v1/connectors/bad2b788-2fd1-4940-8489-d2cf66a32ff4 200 959 - 1246.317 ms
